d:\3cource\psp\concurrentserver\concurrentserver\win32project1\win32project1\debug\win32project1.pch
d:\3cource\psp\concurrentserver\concurrentserver\win32project1\win32project1\debug\vc142.pdb
d:\3cource\psp\concurrentserver\concurrentserver\win32project1\win32project1\debug\vc142.idb
d:\3cource\psp\concurrentserver\concurrentserver\win32project1\win32project1\debug\stdafx.obj
d:\3cource\psp\concurrentserver\concurrentserver\win32project1\win32project1\debug\dllmain.obj
d:\3cource\psp\concurrentserver\concurrentserver\win32project1\win32project1\debug\win32project1.obj
d:\3cource\psp\concurrentserver\concurrentserver\win32project1\win32project1\debug\errorfunctions.obj
d:\3cource\psp\concurrentserver\concurrentserver\win32project1\debug\win32project1.ilk
d:\3cource\psp\concurrentserver\concurrentserver\win32project1\debug\win32project1.dll
d:\3cource\psp\concurrentserver\concurrentserver\win32project1\debug\win32project1.pdb
d:\3cource\psp\concurrentserver\concurrentserver\win32project1\debug\win32project1.lib
d:\3cource\psp\concurrentserver\concurrentserver\win32project1\debug\win32project1.exp
d:\3cource\psp\concurrentserver\concurrentserver\win32project1\win32project1\debug\win32project1.tlog\cl.command.1.tlog
d:\3cource\psp\concurrentserver\concurrentserver\win32project1\win32project1\debug\win32project1.tlog\cl.read.1.tlog
d:\3cource\psp\concurrentserver\concurrentserver\win32project1\win32project1\debug\win32project1.tlog\cl.write.1.tlog
d:\3cource\psp\concurrentserver\concurrentserver\win32project1\win32project1\debug\win32project1.tlog\link.command.1.tlog
d:\3cource\psp\concurrentserver\concurrentserver\win32project1\win32project1\debug\win32project1.tlog\link.delete.1.tlog
d:\3cource\psp\concurrentserver\concurrentserver\win32project1\win32project1\debug\win32project1.tlog\link.read.1.tlog
d:\3cource\psp\concurrentserver\concurrentserver\win32project1\win32project1\debug\win32project1.tlog\link.write.1.tlog
d:\3cource\psp\concurrentserver\concurrentserver\win32project1\win32project1\debug\win32project1.tlog\win32project1.write.1u.tlog
