d:\3cource\psp\concurrentserver\concurrentserver\win32project2\win32project2\debug\win32project3.pch
d:\3cource\psp\concurrentserver\concurrentserver\win32project2\win32project2\debug\vc142.pdb
d:\3cource\psp\concurrentserver\concurrentserver\win32project2\win32project2\debug\vc142.idb
d:\3cource\psp\concurrentserver\concurrentserver\win32project2\win32project2\debug\stdafx.obj
d:\3cource\psp\concurrentserver\concurrentserver\win32project2\win32project2\debug\dllmain.obj
d:\3cource\psp\concurrentserver\concurrentserver\win32project2\win32project2\debug\win32project2.obj
d:\3cource\psp\concurrentserver\concurrentserver\win32project2\win32project2\debug\errorfunctions.obj
d:\3cource\psp\concurrentserver\concurrentserver\win32project2\debug\win32project3.ilk
d:\3cource\psp\concurrentserver\concurrentserver\win32project2\debug\win32project3.dll
d:\3cource\psp\concurrentserver\concurrentserver\win32project2\debug\win32project3.pdb
d:\3cource\psp\concurrentserver\concurrentserver\win32project2\debug\win32project3.lib
d:\3cource\psp\concurrentserver\concurrentserver\win32project2\debug\win32project3.exp
d:\3cource\psp\concurrentserver\concurrentserver\win32project2\win32project2\debug\win32project3.tlog\cl.command.1.tlog
d:\3cource\psp\concurrentserver\concurrentserver\win32project2\win32project2\debug\win32project3.tlog\cl.read.1.tlog
d:\3cource\psp\concurrentserver\concurrentserver\win32project2\win32project2\debug\win32project3.tlog\cl.write.1.tlog
d:\3cource\psp\concurrentserver\concurrentserver\win32project2\win32project2\debug\win32project3.tlog\link.command.1.tlog
d:\3cource\psp\concurrentserver\concurrentserver\win32project2\win32project2\debug\win32project3.tlog\link.delete.1.tlog
d:\3cource\psp\concurrentserver\concurrentserver\win32project2\win32project2\debug\win32project3.tlog\link.read.1.tlog
d:\3cource\psp\concurrentserver\concurrentserver\win32project2\win32project2\debug\win32project3.tlog\link.write.1.tlog
d:\3cource\psp\concurrentserver\concurrentserver\win32project2\win32project2\debug\win32project3.tlog\win32project3.write.1u.tlog
